#-----------------------------------------------------------
# Vivado v2020.2 (64-bit)
# SW Build 3064766 on Wed Nov 18 09:12:45 MST 2020
# IP Build 3064653 on Wed Nov 18 14:17:31 MST 2020
# Start of session at: Thu Apr  1 12:01:16 2021
# Process ID: 4252
# Current directory: C:/Users/franc/Documents/GitHub/ELEC-490/BPSK_Modulation
# Command line: vivado.exe -gui_launcher_event rodinguilauncherevent14624 C:\Users\franc\Documents\GitHub\ELEC-490\BPSK_Modulation\BPSK_Modulation.xpr
# Log file: C:/Users/franc/Documents/GitHub/ELEC-490/BPSK_Modulation/vivado.log
# Journal file: C:/Users/franc/Documents/GitHub/ELEC-490/BPSK_Modulation\vivado.jou
#-----------------------------------------------------------
start_gui
open_project C:/Users/franc/Documents/GitHub/ELEC-490/BPSK_Modulation/BPSK_Modulation.xpr
WARNING: [Board 49-91] Board repository path 'C:/vivado-boards/new/board_files' does not exist, it will not be used to search board files.
WARNING: [filemgmt 56-3] Board Part Repository Path: Could not find the directory 'C:/vivado-boards/new/board_files'.
Scanning sources...
Finished scanning sources
INFO: [IP_Flow 19-234] Refreshing IP repositories
INFO: [IP_Flow 19-1704] No user IP repositories specified
INFO: [IP_Flow 19-2313] Loaded Vivado IP repository 'C:/Xilinx/Vivado/2020.2/data/ip'.
open_project: Time (s): cpu = 00:00:19 ; elapsed = 00:00:08 . Memory (MB): peak = 1004.668 ; gain = 0.000
update_compile_order -fileset sources_1
close [ open C:/Users/franc/Documents/GitHub/ELEC-490/BPSK_Modulation/BPSK_Modulation.srcs/sources_1/new/UART_TX.v w ]
add_files C:/Users/franc/Documents/GitHub/ELEC-490/BPSK_Modulation/BPSK_Modulation.srcs/sources_1/new/UART_TX.v
update_compile_order -fileset sources_1
export_ip_user_files -of_objects  [get_files C:/Users/franc/Documents/GitHub/ELEC-490/BPSK_Modulation/BPSK_Modulation.srcs/sources_1/new/UART_TX.v] -no_script -reset -force -quiet
remove_files  C:/Users/franc/Documents/GitHub/ELEC-490/BPSK_Modulation/BPSK_Modulation.srcs/sources_1/new/UART_TX.v
remove_files  C:/Users/franc/Documents/GitHub/ELEC-490/BPSK_Modulation/BPSK_Modulation.srcs/sources_1/new/UART_TX.v
WARNING: [Vivado 12-818] No files matched 'C:/Users/franc/Documents/GitHub/ELEC-490/BPSK_Modulation/BPSK_Modulation.srcs/sources_1/new/UART_TX.v'
close [ open C:/Users/franc/Documents/GitHub/ELEC-490/BPSK_Modulation/BPSK_Modulation.srcs/sources_1/new/UART_RX.v w ]
add_files C:/Users/franc/Documents/GitHub/ELEC-490/BPSK_Modulation/BPSK_Modulation.srcs/sources_1/new/UART_RX.v
update_compile_order -fileset sources_1
update_compile_order -fileset sources_1
reset_run synth_1
launch_runs synth_1 -jobs 2
[Thu Apr  1 14:47:09 2021] Launched synth_1...
Run output will be captured here: C:/Users/franc/Documents/GitHub/ELEC-490/BPSK_Modulation/BPSK_Modulation.runs/synth_1/runme.log
reset_run synth_1
launch_runs synth_1 -jobs 2
[Thu Apr  1 15:20:40 2021] Launched synth_1...
Run output will be captured here: C:/Users/franc/Documents/GitHub/ELEC-490/BPSK_Modulation/BPSK_Modulation.runs/synth_1/runme.log
update_compile_order -fileset sources_1
missing operand at _@_
in expression "30 / (_@_*1.0)"
missing operand at _@_
in expression "30 / (_@_*1.0)"
missing operand at _@_
in expression "30 / (_@_*1.0)"
missing operand at _@_
in expression "30 / (_@_*1.0)"
missing operand at _@_
in expression "30 / (_@_*1.0)"
missing operand at _@_
in expression "30 / (_@_*1.0)"
missing operand at _@_
in expression "30 / (_@_*1.0)"
missing operand at _@_
in expression "30 / (_@_*1.0)"
missing operand at _@_
in expression "30 / (_@_*1.0)"
missing operand at _@_
in expression "30 / (_@_*1.0)"
missing operand at _@_
in expression "30 / (_@_*1.0)"
missing operand at _@_
in expression "30 / (_@_*1.0)"
missing operand at _@_
in expression "30 / (_@_*1.0)"
missing operand at _@_
in expression "30 / (_@_*1.0)"
missing operand at _@_
in expression "30 / (_@_*1.0)"
missing operand at _@_
in expression "30 / (_@_*1.0)"
missing operand at _@_
in expression "30 / (_@_*1.0)"
reset_run synth_1
launch_runs synth_1 -jobs 2
[Thu Apr  1 16:50:38 2021] Launched synth_1...
Run output will be captured here: C:/Users/franc/Documents/GitHub/ELEC-490/BPSK_Modulation/BPSK_Modulation.runs/synth_1/runme.log
open_hw_manager
connect_hw_server -allow_non_jtag
INFO: [Labtools 27-2285] Connecting to hw_server url TCP:localhost:3121
INFO: [Labtools 27-2222] Launching hw_server...
INFO: [Labtools 27-2221] Launch Output:

****** Xilinx hw_server v2020.2
  **** Build date : Nov 18 2020 at 10:01:48
    ** Copyright 1986-2020 Xilinx, Inc. All Rights Reserved.


INFO: [Labtools 27-3415] Connecting to cs_server url TCP:localhost:3042
INFO: [Labtools 27-3417] Launching cs_server...
INFO: [Labtools 27-2221] Launch Output:


******** Xilinx cs_server v2020.2
  ****** Build date   : Nov 03 2020-16:02:56
    **** Build number : 2020.2.1604437376
      ** Copyright 2017-2020 Xilinx, Inc. All Rights Reserved.



connect_hw_server: Time (s): cpu = 00:00:01 ; elapsed = 00:00:23 . Memory (MB): peak = 1004.668 ; gain = 0.000
open_hw_target
INFO: [Labtoolstcl 44-466] Opening hw_target localhost:3121/xilinx_tcf/Digilent/210319AB5B4DA
open_hw_target: Time (s): cpu = 00:00:07 ; elapsed = 00:00:08 . Memory (MB): peak = 2516.184 ; gain = 1511.516
current_hw_device [get_hw_devices xc7a35t_0]
refresh_hw_device -update_hw_probes false [lindex [get_hw_devices xc7a35t_0] 0]
INFO: [Labtools 27-1434] Device xc7a35t (JTAG device index = 0) is programmed with a design that has no supported debug core(s) in it.
create_hw_cfgmem -hw_device [get_hw_devices xc7a35t_0] -mem_dev [lindex [get_cfgmem_parts {s25fl128sxxxxxx0-spi-x1_x2_x4}] 0]
launch_runs impl_1 -jobs 2
[Thu Apr  1 16:51:47 2021] Launched impl_1...
Run output will be captured here: C:/Users/franc/Documents/GitHub/ELEC-490/BPSK_Modulation/BPSK_Modulation.runs/impl_1/runme.log
reset_run synth_1
launch_runs synth_1 -jobs 2
[Thu Apr  1 16:53:20 2021] Launched synth_1...
Run output will be captured here: C:/Users/franc/Documents/GitHub/ELEC-490/BPSK_Modulation/BPSK_Modulation.runs/synth_1/runme.log
launch_runs impl_1 -jobs 2
[Thu Apr  1 16:54:11 2021] Launched impl_1...
Run output will be captured here: C:/Users/franc/Documents/GitHub/ELEC-490/BPSK_Modulation/BPSK_Modulation.runs/impl_1/runme.log
launch_runs impl_1 -to_step write_bitstream -jobs 2
[Thu Apr  1 16:55:19 2021] Launched impl_1...
Run output will be captured here: C:/Users/franc/Documents/GitHub/ELEC-490/BPSK_Modulation/BPSK_Modulation.runs/impl_1/runme.log
set_property PROBES.FILE {} [get_hw_devices xc7a35t_0]
set_property FULL_PROBES.FILE {} [get_hw_devices xc7a35t_0]
set_property PROGRAM.FILE {C:/Users/franc/Documents/GitHub/ELEC-490/BPSK_Modulation/BPSK_Modulation.runs/impl_1/BPSK_LMS.bit} [get_hw_devices xc7a35t_0]
program_hw_devices [get_hw_devices xc7a35t_0]
INFO: [Labtools 27-3164] End of startup status: HIGH
refresh_hw_device [lindex [get_hw_devices xc7a35t_0] 0]
INFO: [Labtools 27-1434] Device xc7a35t (JTAG device index = 0) is programmed with a design that has no supported debug core(s) in it.
reset_run synth_1
launch_runs synth_1 -jobs 2
[Thu Apr  1 17:02:08 2021] Launched synth_1...
Run output will be captured here: C:/Users/franc/Documents/GitHub/ELEC-490/BPSK_Modulation/BPSK_Modulation.runs/synth_1/runme.log
reset_run synth_1
WARNING: [Vivado 12-1017] Problems encountered:
1. Failed to delete one or more files in run directory C:/Users/franc/Documents/GitHub/ELEC-490/BPSK_Modulation/BPSK_Modulation.runs/synth_1

launch_runs synth_1 -jobs 2
[Thu Apr  1 17:03:08 2021] Launched synth_1...
Run output will be captured here: C:/Users/franc/Documents/GitHub/ELEC-490/BPSK_Modulation/BPSK_Modulation.runs/synth_1/runme.log
launch_runs impl_1 -jobs 2
[Thu Apr  1 17:05:43 2021] Launched impl_1...
Run output will be captured here: C:/Users/franc/Documents/GitHub/ELEC-490/BPSK_Modulation/BPSK_Modulation.runs/impl_1/runme.log
launch_runs impl_1 -to_step write_bitstream -jobs 2
[Thu Apr  1 17:08:32 2021] Launched impl_1...
Run output will be captured here: C:/Users/franc/Documents/GitHub/ELEC-490/BPSK_Modulation/BPSK_Modulation.runs/impl_1/runme.log
set_property PROBES.FILE {} [get_hw_devices xc7a35t_0]
set_property FULL_PROBES.FILE {} [get_hw_devices xc7a35t_0]
set_property PROGRAM.FILE {C:/Users/franc/Documents/GitHub/ELEC-490/BPSK_Modulation/BPSK_Modulation.runs/impl_1/BPSK_LMS.bit} [get_hw_devices xc7a35t_0]
program_hw_devices [get_hw_devices xc7a35t_0]
INFO: [Labtools 27-3164] End of startup status: HIGH
refresh_hw_device [lindex [get_hw_devices xc7a35t_0] 0]
INFO: [Labtools 27-1434] Device xc7a35t (JTAG device index = 0) is programmed with a design that has no supported debug core(s) in it.
ERROR: [Labtoolstcl 44-513] HW Target shutdown. Closing target: localhost:3121/xilinx_tcf/Digilent/210319AB5B4DA
update_compile_order -fileset sources_1
reset_run synth_1
launch_runs synth_1 -jobs 2
[Thu Apr  1 18:20:02 2021] Launched synth_1...
Run output will be captured here: C:/Users/franc/Documents/GitHub/ELEC-490/BPSK_Modulation/BPSK_Modulation.runs/synth_1/runme.log
reset_run synth_1
launch_runs synth_1 -jobs 2
[Thu Apr  1 18:26:01 2021] Launched synth_1...
Run output will be captured here: C:/Users/franc/Documents/GitHub/ELEC-490/BPSK_Modulation/BPSK_Modulation.runs/synth_1/runme.log
update_compile_order -fileset sources_1
exit
INFO: [Common 17-206] Exiting Vivado at Sun Apr  4 19:00:46 2021...
